{"/Users/joshpushon/Development/hacks/cww/server/src/log.js": {"path":"/Users/joshpushon/Development/hacks/cww/server/src/log.js","statementMap":{"0":{"start":{"line":3,"column":21},"end":{"line":3,"column":58}},"1":{"start":{"line":4,"column":18},"end":{"line":4,"column":49}},"2":{"start":{"line":5,"column":23},"end":{"line":5,"column":46}},"3":{"start":{"line":7,"column":12},"end":{"line":17,"column":2}}},"fnMap":{},"branchMap":{"0":{"loc":{"start":{"line":8,"column":9},"end":{"line":8,"column":40}},"type":"cond-expr","locations":[{"start":{"line":8,"column":24},"end":{"line":8,"column":30}},{"start":{"line":8,"column":33},"end":{"line":8,"column":40}}],"line":8},"1":{"loc":{"start":{"line":9,"column":10},"end":{"line":9,"column":38}},"type":"binary-expr","locations":[{"start":{"line":9,"column":10},"end":{"line":9,"column":19}},{"start":{"line":9,"column":23},"end":{"line":9,"column":38}}],"line":9}},"s":{"0":1,"1":1,"2":1,"3":1},"f":{},"b":{"0":[0,1],"1":[1,1]},"_coverageSchema":"1a1c01bbd47fc00a2c39e90264f33305004495a9","hash":"04b55eab9fa0b5ee409a90af2d38e443154585ee"}
,"/Users/joshpushon/Development/hacks/cww/server/src/express/api.js": {"path":"/Users/joshpushon/Development/hacks/cww/server/src/express/api.js","statementMap":{"0":{"start":{"line":9,"column":15},"end":{"line":9,"column":23}},"1":{"start":{"line":10,"column":18},"end":{"line":10,"column":35}},"2":{"start":{"line":12,"column":0},"end":{"line":39,"column":5}},"3":{"start":{"line":18,"column":4},"end":{"line":38,"column":5}},"4":{"start":{"line":19,"column":31},"end":{"line":19,"column":40}},"5":{"start":{"line":20,"column":23},"end":{"line":20,"column":59}},"6":{"start":{"line":22,"column":6},"end":{"line":22,"column":29}},"7":{"start":{"line":26,"column":6},"end":{"line":33,"column":7}},"8":{"start":{"line":27,"column":8},"end":{"line":30,"column":11}},"9":{"start":{"line":32,"column":8},"end":{"line":32,"column":25}},"10":{"start":{"line":37,"column":6},"end":{"line":37,"column":18}},"11":{"start":{"line":41,"column":0},"end":{"line":74,"column":5}},"12":{"start":{"line":47,"column":4},"end":{"line":73,"column":5}},"13":{"start":{"line":48,"column":31},"end":{"line":48,"column":40}},"14":{"start":{"line":54,"column":27},"end":{"line":54,"column":62}},"15":{"start":{"line":55,"column":22},"end":{"line":55,"column":52}},"16":{"start":{"line":57,"column":6},"end":{"line":57,"column":42}},"17":{"start":{"line":61,"column":6},"end":{"line":68,"column":7}},"18":{"start":{"line":62,"column":8},"end":{"line":65,"column":11}},"19":{"start":{"line":67,"column":8},"end":{"line":67,"column":25}},"20":{"start":{"line":72,"column":6},"end":{"line":72,"column":18}}},"fnMap":{"0":{"name":"(anonymous_0)","decl":{"start":{"line":17,"column":2},"end":{"line":17,"column":3}},"loc":{"start":{"line":17,"column":28},"end":{"line":39,"column":3}},"line":17},"1":{"name":"(anonymous_1)","decl":{"start":{"line":46,"column":2},"end":{"line":46,"column":3}},"loc":{"start":{"line":46,"column":28},"end":{"line":74,"column":3}},"line":46}},"branchMap":{"0":{"loc":{"start":{"line":26,"column":6},"end":{"line":33,"column":7}},"type":"if","locations":[{"start":{"line":26,"column":6},"end":{"line":33,"column":7}},{"start":{"line":31,"column":13},"end":{"line":33,"column":7}}],"line":26},"1":{"loc":{"start":{"line":61,"column":6},"end":{"line":68,"column":7}},"type":"if","locations":[{"start":{"line":61,"column":6},"end":{"line":68,"column":7}},{"start":{"line":66,"column":13},"end":{"line":68,"column":7}}],"line":61}},"s":{"0":1,"1":1,"2":1,"3":1,"4":1,"5":1,"6":1,"7":0,"8":0,"9":0,"10":0,"11":1,"12":1,"13":1,"14":1,"15":1,"16":1,"17":0,"18":0,"19":0,"20":0},"f":{"0":1,"1":1},"b":{"0":[0,0],"1":[0,0]},"_coverageSchema":"1a1c01bbd47fc00a2c39e90264f33305004495a9","hash":"6fd5c7b1123a745a7d013977378438a541e790e2"}
,"/Users/joshpushon/Development/hacks/cww/server/src/express/app.js": {"path":"/Users/joshpushon/Development/hacks/cww/server/src/express/app.js","statementMap":{"0":{"start":{"line":9,"column":15},"end":{"line":29,"column":1}},"1":{"start":{"line":10,"column":14},"end":{"line":10,"column":23}},"2":{"start":{"line":12,"column":2},"end":{"line":16,"column":4}},"3":{"start":{"line":18,"column":2},"end":{"line":18,"column":23}},"4":{"start":{"line":21,"column":2},"end":{"line":26,"column":3}},"5":{"start":{"line":23,"column":4},"end":{"line":25,"column":7}},"6":{"start":{"line":24,"column":6},"end":{"line":24,"column":75}},"7":{"start":{"line":28,"column":2},"end":{"line":28,"column":13}}},"fnMap":{"0":{"name":"(anonymous_0)","decl":{"start":{"line":9,"column":15},"end":{"line":9,"column":16}},"loc":{"start":{"line":9,"column":21},"end":{"line":29,"column":1}},"line":9},"1":{"name":"(anonymous_1)","decl":{"start":{"line":23,"column":17},"end":{"line":23,"column":18}},"loc":{"start":{"line":23,"column":31},"end":{"line":25,"column":5}},"line":23}},"branchMap":{"0":{"loc":{"start":{"line":21,"column":2},"end":{"line":26,"column":3}},"type":"if","locations":[{"start":{"line":21,"column":2},"end":{"line":26,"column":3}},{"start":{},"end":{}}],"line":21}},"s":{"0":1,"1":4,"2":4,"3":4,"4":4,"5":0,"6":0,"7":4},"f":{"0":4,"1":0},"b":{"0":[0,4]},"_coverageSchema":"1a1c01bbd47fc00a2c39e90264f33305004495a9","hash":"134c95890dc1aec46ab191f79c31582e769266d4"}
,"/Users/joshpushon/Development/hacks/cww/server/src/lib/openWeatherMap.js": {"path":"/Users/joshpushon/Development/hacks/cww/server/src/lib/openWeatherMap.js","statementMap":{"0":{"start":{"line":12,"column":19},"end":{"line":12,"column":39}},"1":{"start":{"line":14,"column":16},"end":{"line":25,"column":1}},"2":{"start":{"line":27,"column":15},"end":{"line":38,"column":1}},"3":{"start":{"line":45,"column":32},"end":{"line":54,"column":1}},"4":{"start":{"line":46,"column":19},"end":{"line":51,"column":4}},"5":{"start":{"line":53,"column":2},"end":{"line":53,"column":14}},"6":{"start":{"line":77,"column":31},"end":{"line":88,"column":1}},"7":{"start":{"line":78,"column":17},"end":{"line":78,"column":53}},"8":{"start":{"line":80,"column":19},"end":{"line":85,"column":4}},"9":{"start":{"line":87,"column":2},"end":{"line":87,"column":14}},"10":{"start":{"line":118,"column":26},"end":{"line":131,"column":1}},"11":{"start":{"line":119,"column":17},"end":{"line":119,"column":53}},"12":{"start":{"line":121,"column":19},"end":{"line":128,"column":4}},"13":{"start":{"line":130,"column":2},"end":{"line":130,"column":14}}},"fnMap":{"0":{"name":"(anonymous_0)","decl":{"start":{"line":45,"column":32},"end":{"line":45,"column":33}},"loc":{"start":{"line":45,"column":63},"end":{"line":54,"column":1}},"line":45},"1":{"name":"(anonymous_1)","decl":{"start":{"line":77,"column":31},"end":{"line":77,"column":32}},"loc":{"start":{"line":77,"column":55},"end":{"line":88,"column":1}},"line":77},"2":{"name":"(anonymous_2)","decl":{"start":{"line":118,"column":26},"end":{"line":118,"column":27}},"loc":{"start":{"line":118,"column":50},"end":{"line":131,"column":1}},"line":118}},"branchMap":{"0":{"loc":{"start":{"line":45,"column":44},"end":{"line":45,"column":58}},"type":"default-arg","locations":[{"start":{"line":45,"column":54},"end":{"line":45,"column":58}}],"line":45}},"s":{"0":1,"1":1,"2":1,"3":1,"4":3,"5":3,"6":1,"7":1,"8":1,"9":1,"10":1,"11":1,"12":1,"13":1},"f":{"0":3,"1":1,"2":1},"b":{"0":[3]},"_coverageSchema":"1a1c01bbd47fc00a2c39e90264f33305004495a9","hash":"0b67b36919c6c913a3171723ce54cc1e7be9c6a6"}
}
