TN:
SF:src/log.js
FNF:0
FNH:0
DA:3,1
DA:4,1
DA:5,1
DA:7,1
LF:4
LH:4
BRDA:8,0,0,0
BRDA:8,0,1,1
BRDA:9,1,0,1
BRDA:9,1,1,1
BRF:4
BRH:3
end_of_record
TN:
SF:src/express/api.js
FN:17,(anonymous_0)
FN:46,(anonymous_1)
FNF:2
FNH:2
FNDA:1,(anonymous_0)
FNDA:1,(anonymous_1)
DA:9,1
DA:10,1
DA:12,1
DA:18,1
DA:19,1
DA:20,1
DA:22,1
DA:26,0
DA:27,0
DA:32,0
DA:37,0
DA:41,1
DA:47,1
DA:48,1
DA:54,1
DA:55,1
DA:57,1
DA:61,0
DA:62,0
DA:67,0
DA:72,0
LF:21
LH:13
BRDA:26,0,0,0
BRDA:26,0,1,0
BRDA:61,1,0,0
BRDA:61,1,1,0
BRF:4
BRH:0
end_of_record
TN:
SF:src/express/app.js
FN:9,(anonymous_0)
FN:23,(anonymous_1)
FNF:2
FNH:1
FNDA:4,(anonymous_0)
FNDA:0,(anonymous_1)
DA:9,1
DA:10,4
DA:12,4
DA:18,4
DA:21,4
DA:23,0
DA:24,0
DA:28,4
LF:8
LH:6
BRDA:21,0,0,0
BRDA:21,0,1,4
BRF:2
BRH:1
end_of_record
TN:
SF:src/lib/openWeatherMap.js
FN:45,(anonymous_0)
FN:77,(anonymous_1)
FN:118,(anonymous_2)
FNF:3
FNH:3
FNDA:3,(anonymous_0)
FNDA:1,(anonymous_1)
FNDA:1,(anonymous_2)
DA:12,1
DA:14,1
DA:27,1
DA:45,1
DA:46,3
DA:53,3
DA:77,1
DA:78,1
DA:80,1
DA:87,1
DA:118,1
DA:119,1
DA:121,1
DA:130,1
LF:14
LH:14
BRDA:45,0,0,3
BRF:1
BRH:1
end_of_record
